<?xml version="1.0" encoding="UTF-8"?>
<robot generator="Robot 6.1 (Python 3.10.6 on linux)" generated="20230801 13:31:36.739" rpa="false" schemaversion="4">
<suite id="s1" name="Run Credit Auto" source="/home/dione/Documents/QA Testing/test_auto_credit_auto/tests/run_credit_auto.robot">
<test id="s1-t1" name="Connexion en tant que administrateur" line="13">
<kw name="Ouvrir le navigateur" library="selenium_utils" type="SETUP">
<arg>${url}</arg>
<arg>${browser}</arg>
<kw name="Open Browser" library="SeleniumLibrary">
<arg>${url}</arg>
<arg>${browser}</arg>
<doc>Opens a new browser instance to the optional ``url``.</doc>
<msg timestamp="20230801 13:31:37.021" level="INFO">Opening browser 'Chrome' to base url 'http://credit-auto.qsiconseil.ma/'.</msg>
<status status="PASS" starttime="20230801 13:31:37.020" endtime="20230801 13:31:39.111"/>
</kw>
<kw name="Maximize Browser Window" library="SeleniumLibrary">
<doc>Maximizes current browser window.</doc>
<status status="PASS" starttime="20230801 13:31:39.112" endtime="20230801 13:31:39.218"/>
</kw>
<kw name="Log To Console" library="BuiltIn">
<arg>Exécution de test démarrée sur ${browser}</arg>
<doc>Logs the given message to the console.</doc>
<status status="PASS" starttime="20230801 13:31:39.218" endtime="20230801 13:31:39.219"/>
</kw>
<status status="PASS" starttime="20230801 13:31:37.019" endtime="20230801 13:31:39.219"/>
</kw>
<kw name="Accéder à Crédit Auto" library="page_connexion">
<kw name="Click Link" library="SeleniumLibrary">
<arg>${champ_acces_CA}</arg>
<doc>Clicks a link identified by ``locator``.</doc>
<msg timestamp="20230801 13:31:39.221" level="INFO">Clicking link 'xpath://*[@id="lnkAccesCreditAuto"]'.</msg>
<status status="PASS" starttime="20230801 13:31:39.220" endtime="20230801 13:31:40.495"/>
</kw>
<status status="PASS" starttime="20230801 13:31:39.219" endtime="20230801 13:31:40.495"/>
</kw>
<kw name="Se Connecter en tant que LDAP administrateur" library="page_connexion">
<kw name="Log To Console" library="BuiltIn">
<arg>Se Connecter en tant que LDAP administrateur</arg>
<doc>Logs the given message to the console.</doc>
<status status="PASS" starttime="20230801 13:31:40.498" endtime="20230801 13:31:40.499"/>
</kw>
<kw name="Input Text" library="SeleniumLibrary">
<arg>${champ_username}</arg>
<arg>${username_LDAP_ADMIN}</arg>
<doc>Types the given ``text`` into the text field identified by ``locator``.</doc>
<msg timestamp="20230801 13:31:40.502" level="INFO">Typing text 'acd' into text field 'xpath://*[@id="username"]'.</msg>
<status status="PASS" starttime="20230801 13:31:40.500" endtime="20230801 13:31:40.672"/>
</kw>
<kw name="Input Text" library="SeleniumLibrary">
<arg>${champ_password}</arg>
<arg>${password_LDAP_ADMIN}</arg>
<doc>Types the given ``text`` into the text field identified by ``locator``.</doc>
<msg timestamp="20230801 13:31:40.673" level="INFO">Typing text 'acial!acd2018' into text field 'xpath://*[@id="password"]'.</msg>
<status status="PASS" starttime="20230801 13:31:40.672" endtime="20230801 13:31:40.812"/>
</kw>
<kw name="Click Button" library="SeleniumLibrary">
<arg>${btn_Se_Connecter}</arg>
<doc>Clicks the button identified by ``locator``.</doc>
<msg timestamp="20230801 13:31:40.814" level="INFO">Clicking button 'xpath://*[@id="page-top"]/div[2]/div/div/form/fieldset/button'.</msg>
<status status="PASS" starttime="20230801 13:31:40.812" endtime="20230801 13:31:41.755"/>
</kw>
<kw name="Wait Until Element Contains" library="SeleniumLibrary">
<arg>${champ_nom_utilisateur}</arg>
<arg>${username_LDAP_ADMIN}</arg>
<doc>Waits until the element ``locator`` contains ``text``.</doc>
<status status="PASS" starttime="20230801 13:31:41.756" endtime="20230801 13:31:41.800"/>
</kw>
<status status="PASS" starttime="20230801 13:31:40.497" endtime="20230801 13:31:41.800"/>
</kw>
<kw name="Se déconnecter de CREDIT AUTO" library="page_connexion">
<kw name="Click Link" library="SeleniumLibrary">
<arg>${btn_decconexion}</arg>
<doc>Clicks a link identified by ``locator``.</doc>
<msg timestamp="20230801 13:31:41.802" level="INFO">Clicking link 'xpath://*[@id="lnkDeconnexion"]'.</msg>
<status status="PASS" starttime="20230801 13:31:41.801" endtime="20230801 13:31:42.426"/>
</kw>
<status status="PASS" starttime="20230801 13:31:41.801" endtime="20230801 13:31:42.426"/>
</kw>
<kw name="Fermer le navigateur" library="selenium_utils" type="TEARDOWN">
<kw name="Close Browser" library="SeleniumLibrary">
<doc>Closes the current browser.</doc>
<status status="PASS" starttime="20230801 13:31:42.427" endtime="20230801 13:31:42.494"/>
</kw>
<kw name="Log To Console" library="BuiltIn">
<arg>Fin de l'exécution de test</arg>
<doc>Logs the given message to the console.</doc>
<status status="PASS" starttime="20230801 13:31:42.494" endtime="20230801 13:31:42.497"/>
</kw>
<status status="PASS" starttime="20230801 13:31:42.426" endtime="20230801 13:31:42.497"/>
</kw>
<status status="PASS" starttime="20230801 13:31:37.018" endtime="20230801 13:31:42.498"/>
</test>
<status status="PASS" starttime="20230801 13:31:36.740" endtime="20230801 13:31:42.500"/>
</suite>
<statistics>
<total>
<stat pass="1" fail="0" skip="0">All Tests</stat>
</total>
<tag>
</tag>
<suite>
<stat pass="1" fail="0" skip="0" id="s1" name="Run Credit Auto">Run Credit Auto</stat>
</suite>
</statistics>
<errors>
<msg timestamp="20230801 13:31:37.015" level="ERROR">Error in file '/home/dione/Documents/QA Testing/test_auto_credit_auto/pages/Authentification/page_connexion.robot' on line 4: Resource file 'tests/resources/test_properties.robot' does not exist.</msg>
</errors>
</robot>
